build/app/intermediates/manifest_merge_blame_file/release/manifest-merger-blame-release-report.txt
1<?xml version="1.0" encoding="utf-8"?>
2<manifest xmlns:android="http://schemas.android.com/apk/res/android"
3    package="com.xmassong"
4    android:versionCode="1"
5    android:versionName="1.0.0" >
6
7    <uses-sdk
8        android:minSdkVersion="16"
8-->src/main/AndroidManifest.xml
9        android:targetSdkVersion="28" />
9-->src/main/AndroidManifest.xml
10
11    <uses-permission android:name="android.permission.FOREGROUND_SERVICE" />
11-->[:assets_audio_player] AndroidManifest.xml:7:5-77
11-->[:assets_audio_player] AndroidManifest.xml:7:22-74
12    <uses-permission android:name="android.permission.VIBRATE" />
12-->[:assets_audio_player] AndroidManifest.xml:8:5-66
12-->[:assets_audio_player] AndroidManifest.xml:8:22-63
13    <uses-permission android:name="android.permission.WAKE_LOCK" />
13-->[:assets_audio_player] AndroidManifest.xml:9:5-68
13-->[:assets_audio_player] AndroidManifest.xml:9:22-65
14    <uses-permission android:name="android.permission.ACCESS_NETWORK_STATE" />
14-->[com.google.android.exoplayer:exoplayer-core:2.11.4] AndroidManifest.xml:24:5-79
14-->[com.google.android.exoplayer:exoplayer-core:2.11.4] AndroidManifest.xml:24:22-76
15    <!--
16 io.flutter.app.FlutterApplication is an android.app.Application that
17         calls FlutterMain.startInitialization(this); in its onCreate method.
18         In most cases you can leave this as-is, but you if you want to provide
19         additional functionality it is fine to subclass or reimplement
20         FlutterApplication and put your custom class here.
21    -->
22    <application
22-->src/main/AndroidManifest.xml:8:5-29:19
23        android:name="io.flutter.app.FlutterApplication"
23-->src/main/AndroidManifest.xml:9:9-57
24        android:appComponentFactory="androidx.core.app.CoreComponentFactory"
24-->[androidx.core:core:1.1.0] AndroidManifest.xml:24:18-86
25        android:icon="@mipmap/ic_launcher"
25-->src/main/AndroidManifest.xml:11:9-43
26        android:label="xmassong" >
26-->src/main/AndroidManifest.xml:10:9-33
27        <activity
27-->src/main/AndroidManifest.xml:12:9-23:20
28            android:name="com.xmassong.MainActivity"
28-->src/main/AndroidManifest.xml:13:13-41
29            android:configChanges="orientation|keyboardHidden|keyboard|screenSize|smallestScreenSize|locale|layoutDirection|fontScale|screenLayout|density|uiMode"
29-->src/main/AndroidManifest.xml:16:13-163
30            android:hardwareAccelerated="true"
30-->src/main/AndroidManifest.xml:17:13-47
31            android:launchMode="singleTop"
31-->src/main/AndroidManifest.xml:14:13-43
32            android:theme="@style/LaunchTheme"
32-->src/main/AndroidManifest.xml:15:13-47
33            android:windowSoftInputMode="adjustResize" >
33-->src/main/AndroidManifest.xml:18:13-55
34            <intent-filter>
34-->src/main/AndroidManifest.xml:19:13-22:29
35                <action android:name="android.intent.action.MAIN" />
35-->src/main/AndroidManifest.xml:20:17-68
35-->src/main/AndroidManifest.xml:20:25-66
36
37                <category android:name="android.intent.category.LAUNCHER" />
37-->src/main/AndroidManifest.xml:21:17-76
37-->src/main/AndroidManifest.xml:21:27-74
38            </intent-filter>
39        </activity>
40        <!--
41             Don't delete the meta-data below.
42             This is used by the Flutter tool to generate GeneratedPluginRegistrant.java
43        -->
44        <meta-data
44-->src/main/AndroidManifest.xml:26:9-28:33
45            android:name="flutterEmbedding"
45-->src/main/AndroidManifest.xml:27:13-44
46            android:value="2" />
46-->src/main/AndroidManifest.xml:28:13-30
47
48        <receiver android:name="com.github.florent37.assets_audio_player.notification.NotificationActionReceiver" />
48-->[:assets_audio_player] AndroidManifest.xml:12:9-117
48-->[:assets_audio_player] AndroidManifest.xml:12:19-114
49        <receiver android:name="androidx.media.session.MediaButtonReceiver" >
49-->[:assets_audio_player] AndroidManifest.xml:13:9-17:20
49-->[:assets_audio_player] AndroidManifest.xml:13:19-76
50            <intent-filter>
50-->[:assets_audio_player] AndroidManifest.xml:14:13-16:29
51                <action android:name="android.intent.action.MEDIA_BUTTON" />
51-->[:assets_audio_player] AndroidManifest.xml:15:17-77
51-->[:assets_audio_player] AndroidManifest.xml:15:25-74
52            </intent-filter>
53        </receiver>
54
55        <service
55-->[:assets_audio_player] AndroidManifest.xml:19:9-29:19
56            android:name="com.github.florent37.assets_audio_player.notification.NotificationService"
56-->[:assets_audio_player] AndroidManifest.xml:20:13-101
57            android:enabled="true"
57-->[:assets_audio_player] AndroidManifest.xml:21:13-35
58            android:exported="true" >
58-->[:assets_audio_player] AndroidManifest.xml:22:13-36
59
60            <!--
61            <intent-filter>
62                <action android:name="android.intent.action.MEDIA_BUTTON" />
63            </intent-filter>
64            -->
65        </service>
66    </application>
67
68</manifest>